<?xml version="1.0" encoding="UTF-8"?>
<!-- Generated by org.testng.reporters.JUnitReportReporter -->
<testsuite hostname="Mukul" failures="0" tests="1" name="class_61_Work_With_Data_Driven_Testing.DataDrivenTesting_ExcelSheet" time="0.877" errors="0" timestamp="2025-05-01T21:30:48 IST" skipped="0">
  <testcase classname="class_61_Work_With_Data_Driven_Testing.DataDrivenTesting_ExcelSheet" name="DDT" time="0.877"/>
</testsuite> <!-- class_61_Work_With_Data_Driven_Testing.DataDrivenTesting_ExcelSheet -->
