<?xml version="1.0" encoding="UTF-8"?>
<!-- Generated by org.testng.reporters.JUnitReportReporter -->
<testsuite hostname="Mukul" failures="0" tests="3" name="Class55_CrossBrowserParalllelTestingAssignment.TestCase3" time="20.253" errors="0" timestamp="2025-04-27T22:50:16 IST" skipped="0">
  <testcase classname="Class55_CrossBrowserParalllelTestingAssignment.TestCase3" name="search_myntra" time="8.003"/>
  <testcase classname="Class55_CrossBrowserParalllelTestingAssignment.TestCase3" name="search_myntra" time="4.797"/>
  <testcase classname="Class55_CrossBrowserParalllelTestingAssignment.TestCase3" name="search_myntra" time="7.453"/>
</testsuite> <!-- Class55_CrossBrowserParalllelTestingAssignment.TestCase3 -->
