<?xml version="1.0" encoding="UTF-8"?>
<!-- Generated by org.testng.reporters.JUnitReportReporter -->
<testsuite hostname="Mukul" failures="0" tests="1" name="class_63_Amazon_Test_POM.TestCase_1_Amazon" time="6.300" errors="0" timestamp="2025-05-02T12:17:46 IST" skipped="0">
  <testcase classname="class_63_Amazon_Test_POM.TestCase_1_Amazon" name="login_to_amazon_Email" time="6.300"/>
</testsuite> <!-- class_63_Amazon_Test_POM.TestCase_1_Amazon -->
