<?xml version="1.0" encoding="UTF-8"?>
<!-- Generated by org.testng.reporters.JUnitReportReporter -->
<testsuite hostname="Mukul" failures="0" tests="3" name="Chandan_Maven_ProjectAssignments.Selenium.Grouping_With_15_TestCases" time="0.026" errors="0" timestamp="2025-04-27T12:56:12 IST" skipped="0">
  <testcase classname="Chandan_Maven_ProjectAssignments.Selenium.Grouping_With_15_TestCases" name="testcase1" time="0.019"/>
  <testcase classname="Chandan_Maven_ProjectAssignments.Selenium.Grouping_With_15_TestCases" name="testcase2" time="0.003"/>
  <testcase classname="Chandan_Maven_ProjectAssignments.Selenium.Grouping_With_15_TestCases" name="testcase7" time="0.004"/>
</testsuite> <!-- Chandan_Maven_ProjectAssignments.Selenium.Grouping_With_15_TestCases -->
