<?xml version="1.0" encoding="UTF-8"?>
<!-- Generated by org.testng.reporters.JUnitReportReporter -->
<testsuite hostname="Mukul" failures="0" tests="5" name="PracticeQuestionsForInterviews.Dynamics_TestData" time="80.385" errors="0" timestamp="2025-06-18T22:49:52 IST" skipped="0">
  <testcase classname="PracticeQuestionsForInterviews.Dynamics_TestData" name="testdata" time="26.185"/>
  <testcase classname="PracticeQuestionsForInterviews.Dynamics_TestData" name="testdata" time="15.085"/>
  <testcase classname="PracticeQuestionsForInterviews.Dynamics_TestData" name="testdata" time="16.556"/>
  <testcase classname="PracticeQuestionsForInterviews.Dynamics_TestData" name="testdata" time="11.367"/>
  <testcase classname="PracticeQuestionsForInterviews.Dynamics_TestData" name="testdata" time="11.192"/>
</testsuite> <!-- PracticeQuestionsForInterviews.Dynamics_TestData -->
