<?xml version="1.0" encoding="UTF-8"?>
<!-- Generated by org.testng.reporters.JUnitReportReporter -->
<testsuite hostname="Mukul" failures="0" tests="2" name="Chandan_Maven_Project.Selenium_Assignments.Two_Tests_With_Same_Priority_WhichOneExecuteFirst" time="22.901" errors="0" timestamp="2025-04-25T12:29:35 IST" skipped="0">
  <testcase classname="Chandan_Maven_Project.Selenium_Assignments.Two_Tests_With_Same_Priority_WhichOneExecuteFirst" name="FlipkartLogin" time="10.627"/>
  <testcase classname="Chandan_Maven_Project.Selenium_Assignments.Two_Tests_With_Same_Priority_WhichOneExecuteFirst" name="AmazonLogin" time="12.274"/>
</testsuite> <!-- Chandan_Maven_Project.Selenium_Assignments.Two_Tests_With_Same_Priority_WhichOneExecuteFirst -->
