<?xml version="1.0" encoding="UTF-8"?>
<!-- Generated by org.testng.reporters.JUnitReportReporter -->
<testsuite hostname="Mukul" failures="0" tests="2" name="class_51_MavenStarted.class_51" time="0.011" errors="0" timestamp="2025-04-25T10:58:38 IST" skipped="0">
  <testcase classname="class_51_MavenStarted.class_51" name="testcase2" time="0.001"/>
  <testcase classname="class_51_MavenStarted.class_51" name="testcase1" time="0.010"/>
</testsuite> <!-- class_51_MavenStarted.class_51 -->
