<?xml version="1.0" encoding="UTF-8"?>
<!-- Generated by org.testng.reporters.JUnitReportReporter -->
<testsuite hostname="Mukul" failures="0" tests="1" name="class_52_Parameters_InTest_DifferentAnnotationsInTestNG.DifferentAnnotationInTestNG" time="0.005" errors="0" timestamp="2025-04-25T20:57:24 IST" skipped="0">
  <testcase classname="class_52_Parameters_InTest_DifferentAnnotationsInTestNG.DifferentAnnotationInTestNG" name="testcase1" time="0.005"/>
</testsuite> <!-- class_52_Parameters_InTest_DifferentAnnotationsInTestNG.DifferentAnnotationInTestNG -->
