<?xml version="1.0" encoding="UTF-8"?>
<!-- Generated by org.testng.reporters.JUnitReportReporter -->
<testsuite hostname="Mukul" failures="0" tests="1" name="class_63_64_65_Amazon_Test_POM.TestCase_4_Product_Sorting" time="18.260" errors="0" timestamp="2025-05-03T17:02:36 IST" skipped="0">
  <testcase classname="class_63_64_65_Amazon_Test_POM.TestCase_4_Product_Sorting" name="searching_sorting_new_Arrival_4plus_ratings" time="18.260"/>
</testsuite> <!-- class_63_64_65_Amazon_Test_POM.TestCase_4_Product_Sorting -->
