<?xml version="1.0" encoding="UTF-8"?>
<!-- Generated by org.testng.reporters.JUnitReportReporter -->
<testsuite hostname="Mukul" failures="0" tests="1" name="class_61_Work_With_Data_Driven_Testing.DDT_Program" time="0.908" errors="0" timestamp="2025-05-01T22:33:54 IST" skipped="0">
  <testcase classname="class_61_Work_With_Data_Driven_Testing.DDT_Program" name="DDT" time="0.908"/>
</testsuite> <!-- class_61_Work_With_Data_Driven_Testing.DDT_Program -->
