<?xml version="1.0" encoding="UTF-8"?>
<!-- Generated by org.testng.reporters.JUnitReportReporter -->
<testsuite hostname="Mukul" failures="0" tests="1" name="class_51_MavenStarted.Class_51_Three" time="7.958" errors="0" timestamp="2025-04-25T11:42:23 IST" skipped="0">
  <testcase classname="class_51_MavenStarted.Class_51_Three" name="testcase3" time="7.958"/>
</testsuite> <!-- class_51_MavenStarted.Class_51_Three -->
