<?xml version="1.0" encoding="UTF-8"?>
<!-- Generated by org.testng.reporters.JUnitReportReporter -->
<testsuite hostname="Mukul" failures="0" tests="2" name="class_52_Parameters_InTest_DifferentAnnotationsInTestNG.ParameterInTestNG_enabled" time="0.012" errors="0" timestamp="2025-04-25T20:26:31 IST" skipped="1">
  <testcase classname="class_52_Parameters_InTest_DifferentAnnotationsInTestNG.ParameterInTestNG_enabled" name="testcase2" time="0.012"/>
  <testcase classname="class_52_Parameters_InTest_DifferentAnnotationsInTestNG.ParameterInTestNG_enabled" name="testcase1">
    <skipped/>
  </testcase> <!-- testcase1 -->
</testsuite> <!-- class_52_Parameters_InTest_DifferentAnnotationsInTestNG.ParameterInTestNG_enabled -->
