<?xml version="1.0" encoding="UTF-8"?>
<!-- Generated by org.testng.reporters.JUnitReportReporter -->
<testsuite hostname="Mukul" failures="0" tests="3" name="class_54_LaunchBrowserInGeneric_ParametersAnnotationInTestNG.Parameters_AnnotationIn_TestNG_ChoosingBrowsers" time="22.323" errors="0" timestamp="2025-04-26T22:37:47 IST" skipped="0">
  <testcase classname="class_54_LaunchBrowserInGeneric_ParametersAnnotationInTestNG.Parameters_AnnotationIn_TestNG_ChoosingBrowsers" name="google_search" time="3.984"/>
  <testcase classname="class_54_LaunchBrowserInGeneric_ParametersAnnotationInTestNG.Parameters_AnnotationIn_TestNG_ChoosingBrowsers" name="google_search" time="7.342"/>
  <testcase classname="class_54_LaunchBrowserInGeneric_ParametersAnnotationInTestNG.Parameters_AnnotationIn_TestNG_ChoosingBrowsers" name="google_search" time="10.997"/>
</testsuite> <!-- class_54_LaunchBrowserInGeneric_ParametersAnnotationInTestNG.Parameters_AnnotationIn_TestNG_ChoosingBrowsers -->
