<?xml version="1.0" encoding="UTF-8"?>
<!-- Generated by org.testng.reporters.JUnitReportReporter -->
<testsuite hostname="Mukul" failures="0" tests="1" name="class_53_GroupingInTestNG.Grouping_inTestNg" time="0.008" errors="0" timestamp="2025-04-26T12:41:05 IST" skipped="0">
  <testcase classname="class_53_GroupingInTestNG.Grouping_inTestNg" name="TSID_04" time="0.008"/>
</testsuite> <!-- class_53_GroupingInTestNG.Grouping_inTestNg -->
