<?xml version="1.0" encoding="UTF-8"?>
<!-- Generated by org.testng.reporters.JUnitReportReporter -->
<testsuite hostname="Mukul" failures="0" tests="1" name="Chandan_Maven_ProjectAssignments.Selenium.Myntra_FindValidAndInvalidLinks" time="10.860" errors="0" timestamp="2025-04-30T13:08:59 IST" skipped="0">
  <testcase classname="Chandan_Maven_ProjectAssignments.Selenium.Myntra_FindValidAndInvalidLinks" name="Myntra_ValidAndInvalidLinks" time="10.860"/>
</testsuite> <!-- Chandan_Maven_ProjectAssignments.Selenium.Myntra_FindValidAndInvalidLinks -->
