<?xml version="1.0" encoding="UTF-8"?>
<!-- Generated by org.testng.reporters.JUnitReportReporter -->
<testsuite hostname="Mukul" failures="0" tests="1" name="class_52_Parameters_InTest_DifferentAnnotationsInTestNG.Annotations_OrderOfExecution_BS_BT_AT_AS_Test" time="0.006" errors="0" timestamp="2025-04-25T21:24:06 IST" skipped="0">
  <testcase classname="class_52_Parameters_InTest_DifferentAnnotationsInTestNG.Annotations_OrderOfExecution_BS_BT_AT_AS_Test" name="test1" time="0.006"/>
</testsuite> <!-- class_52_Parameters_InTest_DifferentAnnotationsInTestNG.Annotations_OrderOfExecution_BS_BT_AT_AS_Test -->
