<?xml version="1.0" encoding="UTF-8"?>
<!-- Generated by org.testng.reporters.JUnitReportReporter -->
<testsuite hostname="Mukul" failures="0" tests="1" name="class_56_SystemLevelScenarioAmazon_Assignment.Amazon_TestScenario_1" time="41.278" errors="0" timestamp="2025-04-28T13:00:00 IST" skipped="0">
  <testcase classname="class_56_SystemLevelScenarioAmazon_Assignment.Amazon_TestScenario_1" name="Login_to_payment" time="41.278"/>
</testsuite> <!-- class_56_SystemLevelScenarioAmazon_Assignment.Amazon_TestScenario_1 -->
