<?xml version="1.0" encoding="UTF-8"?>
<!-- Generated by org.testng.reporters.JUnitReportReporter -->
<testsuite hostname="Mukul" failures="0" tests="3" name="class_51_MavenStarted.Registration" time="0.015" errors="0" timestamp="2025-04-25T11:59:19 IST" skipped="0">
  <testcase classname="class_51_MavenStarted.Registration" name="registration" time="0.012"/>
  <testcase classname="class_51_MavenStarted.Registration" name="Login" time="0.002"/>
  <testcase classname="class_51_MavenStarted.Registration" name="Logout" time="0.001"/>
</testsuite> <!-- class_51_MavenStarted.Registration -->
