<?xml version="1.0" encoding="UTF-8"?>
<!-- Generated by org.testng.reporters.JUnitReportReporter -->
<testsuite hostname="Mukul" failures="0" tests="1" name="class_51_MavenStarted.Class_51_One" time="15.006" errors="0" timestamp="2025-04-25T11:31:58 IST" skipped="0">
  <testcase classname="class_51_MavenStarted.Class_51_One" name="testcase1" time="15.006"/>
</testsuite> <!-- class_51_MavenStarted.Class_51_One -->
