<?xml version="1.0" encoding="UTF-8"?>
<!-- Generated by org.testng.reporters.JUnitReportReporter -->
<testsuite hostname="Mukul" failures="0" tests="1" name="class_54_LaunchBrowserInGeneric_ParametersAnnotationInTestNG.LaunchBrowserInGenericWay" time="4.204" errors="0" timestamp="2025-04-26T22:03:52 IST" skipped="0">
  <testcase classname="class_54_LaunchBrowserInGeneric_ParametersAnnotationInTestNG.LaunchBrowserInGenericWay" name="testcase1" time="4.204"/>
</testsuite> <!-- class_54_LaunchBrowserInGeneric_ParametersAnnotationInTestNG.LaunchBrowserInGenericWay -->
