<?xml version="1.0" encoding="UTF-8"?>
<!-- Generated by org.testng.reporters.JUnitReportReporter -->
<testsuite hostname="Mukul" failures="0" tests="1" name="class_63_64_65_Amazon_Test_POM.TestCase_3_Amazon_Search_Product" time="10.882" errors="0" timestamp="2025-05-02T21:02:09 IST" skipped="0">
  <testcase classname="class_63_64_65_Amazon_Test_POM.TestCase_3_Amazon_Search_Product" name="searching_product_selecting_the_first" time="10.882"/>
</testsuite> <!-- class_63_64_65_Amazon_Test_POM.TestCase_3_Amazon_Search_Product -->
