<?xml version="1.0" encoding="UTF-8"?>
<!-- Generated by org.testng.reporters.JUnitReportReporter -->
<testsuite hostname="Mukul" failures="0" tests="15" name="Chandan_Maven_ProjectAssignments.Selenium.Parameters_Annotation_With_5_Classes" time="126.782" errors="0" timestamp="2025-04-27T12:48:31 IST" skipped="0">
  <testcase classname="Chandan_Maven_ProjectAssignments.Selenium.Parameters_Annotation_With_5_Classes" name="google_search_Gorakhpur" time="10.309"/>
  <testcase classname="Chandan_Maven_ProjectAssignments.Selenium.Parameters_Annotation_With_5_Classes" name="google_search_india" time="10.554"/>
  <testcase classname="Chandan_Maven_ProjectAssignments.Selenium.Parameters_Annotation_With_5_Classes" name="google_search_india" time="5.336"/>
  <testcase classname="Chandan_Maven_ProjectAssignments.Selenium.Parameters_Annotation_With_5_Classes" name="google_search_Noida" time="4.502"/>
  <testcase classname="Chandan_Maven_ProjectAssignments.Selenium.Parameters_Annotation_With_5_Classes" name="google_search_Ayodhya" time="11.696"/>
  <testcase classname="Chandan_Maven_ProjectAssignments.Selenium.Parameters_Annotation_With_5_Classes" name="google_search_Noida" time="9.749"/>
  <testcase classname="Chandan_Maven_ProjectAssignments.Selenium.Parameters_Annotation_With_5_Classes" name="google_search_Noida" time="9.280"/>
  <testcase classname="Chandan_Maven_ProjectAssignments.Selenium.Parameters_Annotation_With_5_Classes" name="google_search_Ayodhya" time="5.770"/>
  <testcase classname="Chandan_Maven_ProjectAssignments.Selenium.Parameters_Annotation_With_5_Classes" name="google_search_bangalore" time="10.464"/>
  <testcase classname="Chandan_Maven_ProjectAssignments.Selenium.Parameters_Annotation_With_5_Classes" name="google_search_india" time="11.159"/>
  <testcase classname="Chandan_Maven_ProjectAssignments.Selenium.Parameters_Annotation_With_5_Classes" name="google_search_Gorakhpur" time="4.805"/>
  <testcase classname="Chandan_Maven_ProjectAssignments.Selenium.Parameters_Annotation_With_5_Classes" name="google_search_Gorakhpur" time="9.019"/>
  <testcase classname="Chandan_Maven_ProjectAssignments.Selenium.Parameters_Annotation_With_5_Classes" name="google_search_Ayodhya" time="9.367"/>
  <testcase classname="Chandan_Maven_ProjectAssignments.Selenium.Parameters_Annotation_With_5_Classes" name="google_search_bangalore" time="9.263"/>
  <testcase classname="Chandan_Maven_ProjectAssignments.Selenium.Parameters_Annotation_With_5_Classes" name="google_search_bangalore" time="5.509"/>
</testsuite> <!-- Chandan_Maven_ProjectAssignments.Selenium.Parameters_Annotation_With_5_Classes -->
