<?xml version="1.0" encoding="UTF-8"?>
<!-- Generated by org.testng.reporters.JUnitReportReporter -->
<testsuite hostname="Mukul" failures="0" tests="1" name="class_53_UseTwoAnnotationTogether_Grouping_In_TestNG.TestCase3" time="30.926" errors="0" timestamp="2025-04-26T12:16:45 IST" skipped="0">
  <testcase classname="class_53_UseTwoAnnotationTogether_Grouping_In_TestNG.TestCase3" name="Searching_1st_Product_Cart" time="30.926"/>
</testsuite> <!-- class_53_UseTwoAnnotationTogether_Grouping_In_TestNG.TestCase3 -->
