<?xml version="1.0" encoding="UTF-8"?>
<!-- Generated by org.testng.reporters.JUnitReportReporter -->
<testsuite hostname="Mukul" failures="0" tests="10" name="class_57_DataProviderTwoDimensional.DataProviderInTestNG" time="0.031" errors="0" timestamp="2025-04-30T13:45:29 IST" skipped="0">
  <testcase classname="class_57_DataProviderTwoDimensional.DataProviderInTestNG" name="testcase1" time="0.009"/>
  <testcase classname="class_57_DataProviderTwoDimensional.DataProviderInTestNG" name="testcase1" time="0.009"/>
  <testcase classname="class_57_DataProviderTwoDimensional.DataProviderInTestNG" name="testcase1" time="0.002"/>
  <testcase classname="class_57_DataProviderTwoDimensional.DataProviderInTestNG" name="testcase1" time="0.003"/>
  <testcase classname="class_57_DataProviderTwoDimensional.DataProviderInTestNG" name="testcase2" time="0.001"/>
  <testcase classname="class_57_DataProviderTwoDimensional.DataProviderInTestNG" name="testcase2" time="0.001"/>
  <testcase classname="class_57_DataProviderTwoDimensional.DataProviderInTestNG" name="testcase1" time="0.001"/>
  <testcase classname="class_57_DataProviderTwoDimensional.DataProviderInTestNG" name="testcase2" time="0.003"/>
  <testcase classname="class_57_DataProviderTwoDimensional.DataProviderInTestNG" name="testcase2" time="0.001"/>
  <testcase classname="class_57_DataProviderTwoDimensional.DataProviderInTestNG" name="testcase2" time="0.001"/>
</testsuite> <!-- class_57_DataProviderTwoDimensional.DataProviderInTestNG -->
