<?xml version="1.0" encoding="UTF-8"?>
<!-- Generated by org.testng.reporters.JUnitReportReporter -->
<testsuite hostname="Mukul" failures="0" tests="1" name="class_63_64_65_Amazon_Test_POM.TestCase_2_Amazon_Logout" time="18.829" errors="0" timestamp="2025-05-03T16:01:54 IST" skipped="0">
  <testcase classname="class_63_64_65_Amazon_Test_POM.TestCase_2_Amazon_Logout" name="Amazon_login_then_logout" time="18.829"/>
</testsuite> <!-- class_63_64_65_Amazon_Test_POM.TestCase_2_Amazon_Logout -->
