<?xml version="1.0" encoding="UTF-8"?>
<!-- Generated by org.testng.reporters.JUnitReportReporter -->
<testsuite hostname="Mukul" failures="0" tests="6" name="Chandan_Maven_ProjectAssignments.Selenium.DataProviderMultiDimensionWith5SetOfValues" time="23.104" errors="0" timestamp="2025-04-30T20:13:43 IST" skipped="0">
  <testcase classname="Chandan_Maven_ProjectAssignments.Selenium.DataProviderMultiDimensionWith5SetOfValues" name="fb_login" time="3.168"/>
  <testcase classname="Chandan_Maven_ProjectAssignments.Selenium.DataProviderMultiDimensionWith5SetOfValues" name="fb_login" time="4.058"/>
  <testcase classname="Chandan_Maven_ProjectAssignments.Selenium.DataProviderMultiDimensionWith5SetOfValues" name="fb_login" time="4.616"/>
  <testcase classname="Chandan_Maven_ProjectAssignments.Selenium.DataProviderMultiDimensionWith5SetOfValues" name="fb_login" time="4.633"/>
  <testcase classname="Chandan_Maven_ProjectAssignments.Selenium.DataProviderMultiDimensionWith5SetOfValues" name="fb_login" time="3.725"/>
  <testcase classname="Chandan_Maven_ProjectAssignments.Selenium.DataProviderMultiDimensionWith5SetOfValues" name="fb_login" time="2.904"/>
</testsuite> <!-- Chandan_Maven_ProjectAssignments.Selenium.DataProviderMultiDimensionWith5SetOfValues -->
