<?xml version="1.0" encoding="UTF-8"?>
<!-- Generated by org.testng.reporters.JUnitReportReporter -->
<testsuite hostname="Mukul" failures="0" tests="3" name="class_52_Parameters_InTest_DifferentAnnotationsInTestNG.Annotation_OrderOfExecution_Test_Test_AM_Test" time="0.021" errors="0" timestamp="2025-04-26T10:28:03 IST" skipped="0">
  <testcase classname="class_52_Parameters_InTest_DifferentAnnotationsInTestNG.Annotation_OrderOfExecution_Test_Test_AM_Test" name="Test1" time="0.016"/>
  <testcase classname="class_52_Parameters_InTest_DifferentAnnotationsInTestNG.Annotation_OrderOfExecution_Test_Test_AM_Test" name="Test2" time="0.002"/>
  <testcase classname="class_52_Parameters_InTest_DifferentAnnotationsInTestNG.Annotation_OrderOfExecution_Test_Test_AM_Test" name="Test3" time="0.003"/>
</testsuite> <!-- class_52_Parameters_InTest_DifferentAnnotationsInTestNG.Annotation_OrderOfExecution_Test_Test_AM_Test -->
