<?xml version="1.0" encoding="UTF-8"?>
<!-- Generated by org.testng.reporters.JUnitReportReporter -->
<testsuite hostname="Mukul" failures="0" tests="15" name="Chandan_Maven_ProjectAssignments.Selenium.Parameters_Annotation_With_5_Classes" time="118.934" errors="0" timestamp="2025-04-27T12:59:47 IST" skipped="0">
  <testcase classname="Chandan_Maven_ProjectAssignments.Selenium.Parameters_Annotation_With_5_Classes" name="google_search_Noida" time="5.407"/>
  <testcase classname="Chandan_Maven_ProjectAssignments.Selenium.Parameters_Annotation_With_5_Classes" name="google_search_bangalore" time="9.828"/>
  <testcase classname="Chandan_Maven_ProjectAssignments.Selenium.Parameters_Annotation_With_5_Classes" name="google_search_Gorakhpur" time="9.679"/>
  <testcase classname="Chandan_Maven_ProjectAssignments.Selenium.Parameters_Annotation_With_5_Classes" name="google_search_Ayodhya" time="7.481"/>
  <testcase classname="Chandan_Maven_ProjectAssignments.Selenium.Parameters_Annotation_With_5_Classes" name="google_search_india" time="9.560"/>
  <testcase classname="Chandan_Maven_ProjectAssignments.Selenium.Parameters_Annotation_With_5_Classes" name="google_search_Gorakhpur" time="3.389"/>
  <testcase classname="Chandan_Maven_ProjectAssignments.Selenium.Parameters_Annotation_With_5_Classes" name="google_search_Ayodhya" time="5.122"/>
  <testcase classname="Chandan_Maven_ProjectAssignments.Selenium.Parameters_Annotation_With_5_Classes" name="google_search_bangalore" time="5.341"/>
  <testcase classname="Chandan_Maven_ProjectAssignments.Selenium.Parameters_Annotation_With_5_Classes" name="google_search_Ayodhya" time="11.019"/>
  <testcase classname="Chandan_Maven_ProjectAssignments.Selenium.Parameters_Annotation_With_5_Classes" name="google_search_Gorakhpur" time="7.376"/>
  <testcase classname="Chandan_Maven_ProjectAssignments.Selenium.Parameters_Annotation_With_5_Classes" name="google_search_india" time="6.963"/>
  <testcase classname="Chandan_Maven_ProjectAssignments.Selenium.Parameters_Annotation_With_5_Classes" name="google_search_india" time="9.761"/>
  <testcase classname="Chandan_Maven_ProjectAssignments.Selenium.Parameters_Annotation_With_5_Classes" name="google_search_Noida" time="8.511"/>
  <testcase classname="Chandan_Maven_ProjectAssignments.Selenium.Parameters_Annotation_With_5_Classes" name="google_search_Noida" time="9.264"/>
  <testcase classname="Chandan_Maven_ProjectAssignments.Selenium.Parameters_Annotation_With_5_Classes" name="google_search_bangalore" time="10.233"/>
</testsuite> <!-- Chandan_Maven_ProjectAssignments.Selenium.Parameters_Annotation_With_5_Classes -->
