<?xml version="1.0" encoding="UTF-8"?>
<!-- Generated by org.testng.reporters.JUnitReportReporter -->
<testsuite hostname="Mukul" failures="0" tests="1" name="class_75_Find_Dimensions_Of_Components_Find_XpathUsing_And_Or_Operators.Writing_Xpath_Using_And_Or_Operators" time="3.619" errors="0" timestamp="2025-05-06T16:03:12 IST" skipped="0">
  <testcase classname="class_75_Find_Dimensions_Of_Components_Find_XpathUsing_And_Or_Operators.Writing_Xpath_Using_And_Or_Operators" name="google_xpath_and_or_operators" time="3.619"/>
</testsuite> <!-- class_75_Find_Dimensions_Of_Components_Find_XpathUsing_And_Or_Operators.Writing_Xpath_Using_And_Or_Operators -->
