<?xml version="1.0" encoding="UTF-8"?>
<!-- Generated by org.testng.reporters.JUnitReportReporter -->
<testsuite hostname="Mukul" failures="0" tests="2" name="class_57_DataProviderTwoDimensional.DataProviderInTestNG_FB_Login_MultiDimensions" time="9.300" errors="0" timestamp="2025-04-30T14:16:06 IST" skipped="0">
  <testcase classname="class_57_DataProviderTwoDimensional.DataProviderInTestNG_FB_Login_MultiDimensions" name="Login_to_amazon" time="5.309"/>
  <testcase classname="class_57_DataProviderTwoDimensional.DataProviderInTestNG_FB_Login_MultiDimensions" name="Login_to_amazon" time="3.991"/>
</testsuite> <!-- class_57_DataProviderTwoDimensional.DataProviderInTestNG_FB_Login_MultiDimensions -->
