<?xml version="1.0" encoding="UTF-8"?>
<!-- Generated by org.testng.reporters.JUnitReportReporter -->
<testsuite hostname="Mukul" failures="0" tests="2" name="class_52_Parameters_InTest_DifferentAnnotationsInTestNG.Annotation_OrderOfExecution_Test_Test_AM_BM" time="0.022" errors="0" timestamp="2025-04-26T10:13:43 IST" skipped="0">
  <testcase classname="class_52_Parameters_InTest_DifferentAnnotationsInTestNG.Annotation_OrderOfExecution_Test_Test_AM_BM" name="Test2" time="0.015"/>
  <testcase classname="class_52_Parameters_InTest_DifferentAnnotationsInTestNG.Annotation_OrderOfExecution_Test_Test_AM_BM" name="Test1" time="0.007"/>
</testsuite> <!-- class_52_Parameters_InTest_DifferentAnnotationsInTestNG.Annotation_OrderOfExecution_Test_Test_AM_BM -->
