<?xml version="1.0" encoding="UTF-8"?>
<!-- Generated by org.testng.reporters.JUnitReportReporter -->
<testsuite hostname="Mukul" failures="0" tests="3" name="Class55_CrossBrowserParalllelTestingAssignment.TestCase3" time="41.488" errors="0" timestamp="2025-04-27T23:16:26 IST" skipped="0">
  <testcase classname="Class55_CrossBrowserParalllelTestingAssignment.TestCase3" name="search_myntra" time="17.760"/>
  <testcase classname="Class55_CrossBrowserParalllelTestingAssignment.TestCase3" name="search_myntra" time="12.766"/>
  <testcase classname="Class55_CrossBrowserParalllelTestingAssignment.TestCase3" name="search_myntra" time="10.962"/>
</testsuite> <!-- Class55_CrossBrowserParalllelTestingAssignment.TestCase3 -->
