<?xml version="1.0" encoding="UTF-8"?>
<!-- Generated by org.testng.reporters.JUnitReportReporter -->
<testsuite hostname="Mukul" failures="0" tests="3" name="Class55_CrossBrowserParalllelTestingAssignment.TestCase1" time="21.561" errors="0" timestamp="2025-04-27T22:50:16 IST" skipped="0">
  <testcase classname="Class55_CrossBrowserParalllelTestingAssignment.TestCase1" name="searchmobile" time="8.115"/>
  <testcase classname="Class55_CrossBrowserParalllelTestingAssignment.TestCase1" name="searchmobile" time="8.467"/>
  <testcase classname="Class55_CrossBrowserParalllelTestingAssignment.TestCase1" name="searchmobile" time="4.979"/>
</testsuite> <!-- Class55_CrossBrowserParalllelTestingAssignment.TestCase1 -->
