<?xml version="1.0" encoding="UTF-8"?>
<!-- Generated by org.testng.reporters.JUnitReportReporter -->
<testsuite hostname="Mukul" failures="0" tests="3" name="Class55_CrossBrowserParalllelTestingAssignment.TestCase1" time="37.378" errors="0" timestamp="2025-04-27T23:16:26 IST" skipped="0">
  <testcase classname="Class55_CrossBrowserParalllelTestingAssignment.TestCase1" name="searchmobile" time="12.166"/>
  <testcase classname="Class55_CrossBrowserParalllelTestingAssignment.TestCase1" name="searchmobile" time="14.702"/>
  <testcase classname="Class55_CrossBrowserParalllelTestingAssignment.TestCase1" name="searchmobile" time="10.510"/>
</testsuite> <!-- Class55_CrossBrowserParalllelTestingAssignment.TestCase1 -->
