<?xml version="1.0" encoding="UTF-8"?>
<!-- Generated by org.testng.reporters.JUnitReportReporter -->
<testsuite hostname="Mukul" failures="0" tests="1" name="class_54_LaunchBrowserInGeneric_ParametersAnnotationInTestNG.SwitchCase" time="4.443" errors="0" timestamp="2025-04-26T21:58:31 IST" skipped="0">
  <testcase classname="class_54_LaunchBrowserInGeneric_ParametersAnnotationInTestNG.SwitchCase" name="testcase1" time="4.443"/>
</testsuite> <!-- class_54_LaunchBrowserInGeneric_ParametersAnnotationInTestNG.SwitchCase -->
