<?xml version="1.0" encoding="UTF-8"?>
<!-- Generated by org.testng.reporters.JUnitReportReporter -->
<testsuite hostname="Mukul" failures="0" tests="1" name="class_72_Stack_and_Vector_Class_in_Collection_ScrollUpAndDown.Find_X_Coordinates_And_Y_Coordinates_Google" time="3.702" errors="0" timestamp="2025-05-05T17:24:00 IST" skipped="0">
  <testcase classname="class_72_Stack_and_Vector_Class_in_Collection_ScrollUpAndDown.Find_X_Coordinates_And_Y_Coordinates_Google" name="ScrollUp_Down_Google" time="3.702"/>
</testsuite> <!-- class_72_Stack_and_Vector_Class_in_Collection_ScrollUpAndDown.Find_X_Coordinates_And_Y_Coordinates_Google -->
