<?xml version="1.0" encoding="UTF-8"?>
<!-- Generated by org.testng.reporters.JUnitReportReporter -->
<testsuite hostname="Mukul" failures="0" tests="1" name="class_51_MavenStarted.Class_51_Three" time="0.002" errors="0" timestamp="2025-04-25T11:12:37 IST" skipped="0">
  <testcase classname="class_51_MavenStarted.Class_51_Three" name="testcase3" time="0.002"/>
</testsuite> <!-- class_51_MavenStarted.Class_51_Three -->
