<?xml version="1.0" encoding="UTF-8"?>
<!-- Generated by org.testng.reporters.JUnitReportReporter -->
<testsuite hostname="Mukul" failures="0" tests="1" name="class_52_Parameters_InTest_DifferentAnnotationsInTestNG.Annotation_OrderOfExecution_Test_BC_AS_AM" time="0.006" errors="0" timestamp="2025-04-26T10:08:55 IST" skipped="0">
  <testcase classname="class_52_Parameters_InTest_DifferentAnnotationsInTestNG.Annotation_OrderOfExecution_Test_BC_AS_AM" name="test" time="0.006"/>
</testsuite> <!-- class_52_Parameters_InTest_DifferentAnnotationsInTestNG.Annotation_OrderOfExecution_Test_BC_AS_AM -->
