<?xml version="1.0" encoding="UTF-8"?>
<!-- Generated by org.testng.reporters.JUnitReportReporter -->
<testsuite hostname="Mukul" failures="0" tests="1" name="Chandan_Maven_ProjectAssignments.Selenium.Find_Xs_And_Ys_AmazonWebServices" time="8.501" errors="0" timestamp="2025-05-06T12:36:56 IST" skipped="0">
  <testcase classname="Chandan_Maven_ProjectAssignments.Selenium.Find_Xs_And_Ys_AmazonWebServices" name="amazon_xs_ys" time="8.501"/>
</testsuite> <!-- Chandan_Maven_ProjectAssignments.Selenium.Find_Xs_And_Ys_AmazonWebServices -->
