<?xml version="1.0" encoding="UTF-8"?>
<!-- Generated by org.testng.reporters.JUnitReportReporter -->
<testsuite hostname="Mukul" failures="0" tests="3" name="Class55_CrossBrowserParalllelTestingAssignment.TestCase4" time="27.385" errors="0" timestamp="2025-04-27T22:50:16 IST" skipped="0">
  <testcase classname="Class55_CrossBrowserParalllelTestingAssignment.TestCase4" name="search_India" time="10.800"/>
  <testcase classname="Class55_CrossBrowserParalllelTestingAssignment.TestCase4" name="search_India" time="6.754"/>
  <testcase classname="Class55_CrossBrowserParalllelTestingAssignment.TestCase4" name="search_India" time="9.831"/>
</testsuite> <!-- Class55_CrossBrowserParalllelTestingAssignment.TestCase4 -->
