<?xml version="1.0" encoding="UTF-8"?>
<!-- Generated by org.testng.reporters.JUnitReportReporter -->
<testsuite hostname="Mukul" failures="0" tests="2" name="Chandan_Maven_ProjectAssignments.Selenium.Two_Tests_With_Same_Priority_WhichOneExecuteFirst" time="18.557" errors="0" timestamp="2025-04-25T17:19:47 IST" skipped="0">
  <testcase classname="Chandan_Maven_ProjectAssignments.Selenium.Two_Tests_With_Same_Priority_WhichOneExecuteFirst" name="AmazonLogin" time="12.508"/>
  <testcase classname="Chandan_Maven_ProjectAssignments.Selenium.Two_Tests_With_Same_Priority_WhichOneExecuteFirst" name="FlipkartLogin" time="6.049"/>
</testsuite> <!-- Chandan_Maven_ProjectAssignments.Selenium.Two_Tests_With_Same_Priority_WhichOneExecuteFirst -->
