<?xml version="1.0" encoding="UTF-8"?>
<!-- Generated by org.testng.reporters.JUnitReportReporter -->
<testsuite hostname="Mukul" failures="0" tests="1" name="class_58_Assertion_In_TestNG.Amazon_Login_With_Assertion_TestNG" time="9.609" errors="0" timestamp="2025-04-30T22:04:41 IST" skipped="0">
  <testcase classname="class_58_Assertion_In_TestNG.Amazon_Login_With_Assertion_TestNG" name="amazon_login" time="9.609"/>
</testsuite> <!-- class_58_Assertion_In_TestNG.Amazon_Login_With_Assertion_TestNG -->
