<?xml version="1.0" encoding="UTF-8"?>
<!-- Generated by org.testng.reporters.JUnitReportReporter -->
<testsuite hostname="Mukul" failures="0" tests="1" name="class_55_FindTheBrokenLinksOfAnyWebSites.FindBrokenLink" time="255.036" errors="0" timestamp="2025-04-27T19:59:09 IST" skipped="0">
  <testcase classname="class_55_FindTheBrokenLinksOfAnyWebSites.FindBrokenLink" name="amazon_brokenlinks" time="255.036"/>
</testsuite> <!-- class_55_FindTheBrokenLinksOfAnyWebSites.FindBrokenLink -->
