<?xml version="1.0" encoding="UTF-8"?>
<!-- Generated by org.testng.reporters.JUnitReportReporter -->
<testsuite hostname="Mukul" failures="0" tests="1" name="class_62_Reporter.log_Listeners_In_TestNG.Reporter_Log" time="0.022" errors="0" timestamp="2025-05-02T09:56:40 IST" skipped="0">
  <testcase classname="class_62_Reporter.log_Listeners_In_TestNG.Reporter_Log" name="testcase1" time="0.022">
    <system-out>
      <![CDATA[Test Case Pass]]>
    </system-out>
  </testcase> <!-- testcase1 -->
  <system-out>
    <![CDATA[Test Case Pass]]>
  </system-out>
</testsuite> <!-- class_62_Reporter.log_Listeners_In_TestNG.Reporter_Log -->
