<?xml version="1.0" encoding="UTF-8"?>
<!-- Generated by org.testng.reporters.JUnitReportReporter -->
<testsuite hostname="Mukul" failures="0" tests="1" name="class_72_Stack_and_Vector_Class_in_Collection_ScrollUpAndDown.Find_Xs_And_Ys_Amazon" time="5.848" errors="0" timestamp="2025-05-05T17:40:10 IST" skipped="0">
  <testcase classname="class_72_Stack_and_Vector_Class_in_Collection_ScrollUpAndDown.Find_Xs_And_Ys_Amazon" name="amazon_xs_ys" time="5.848"/>
</testsuite> <!-- class_72_Stack_and_Vector_Class_in_Collection_ScrollUpAndDown.Find_Xs_And_Ys_Amazon -->
