<?xml version="1.0" encoding="UTF-8"?>
<!-- Generated by org.testng.reporters.JUnitReportReporter -->
<testsuite hostname="Mukul" failures="0" tests="1" name="class_58_Assertion_In_TestNG.HowToPass_TestCases" time="0.015" errors="0" timestamp="2025-04-30T20:53:05 IST" skipped="0">
  <testcase classname="class_58_Assertion_In_TestNG.HowToPass_TestCases" name="testcase1" time="0.015"/>
</testsuite> <!-- class_58_Assertion_In_TestNG.HowToPass_TestCases -->
