<?xml version="1.0" encoding="UTF-8"?>
<!-- Generated by org.testng.reporters.JUnitReportReporter -->
<testsuite hostname="Mukul" failures="0" tests="1" name="class_59_AssertionInTestNG_SkipAnyTestCase_RetryAnyTestCases.Amazon_Login" time="8.888" errors="0" timestamp="2025-05-01T10:53:59 IST" skipped="0">
  <testcase classname="class_59_AssertionInTestNG_SkipAnyTestCase_RetryAnyTestCases.Amazon_Login" name="amazon_is_displayed" time="8.888"/>
</testsuite> <!-- class_59_AssertionInTestNG_SkipAnyTestCase_RetryAnyTestCases.Amazon_Login -->
