<?xml version="1.0" encoding="UTF-8"?>
<!-- Generated by org.testng.reporters.JUnitReportReporter -->
<testsuite hostname="Mukul" failures="0" tests="1" name="class_53_UseTwoAnnotationTogether_Grouping_In_TestNG.TestCase1" time="10.396" errors="0" timestamp="2025-04-26T12:16:45 IST" skipped="0">
  <testcase classname="class_53_UseTwoAnnotationTogether_Grouping_In_TestNG.TestCase1" name="searching_the_product" time="10.396"/>
</testsuite> <!-- class_53_UseTwoAnnotationTogether_Grouping_In_TestNG.TestCase1 -->
