<?xml version="1.0" encoding="UTF-8"?>
<!-- Generated by org.testng.reporters.JUnitReportReporter -->
<testsuite hostname="Mukul" failures="0" tests="1" name="class_72_73_Stack_and_Vector_Class_in_Collection_FindXs_And_FindYs_ScrollUp_ScrollDown.Find_X_Coordinates_And_Y_Coordinates_Google" time="7.677" errors="0" timestamp="2025-05-06T12:31:36 IST" skipped="0">
  <testcase classname="class_72_73_Stack_and_Vector_Class_in_Collection_FindXs_And_FindYs_ScrollUp_ScrollDown.Find_X_Coordinates_And_Y_Coordinates_Google" name="Find_Coordinates_Xs_Ys_Google" time="7.677"/>
</testsuite> <!-- class_72_73_Stack_and_Vector_Class_in_Collection_FindXs_And_FindYs_ScrollUp_ScrollDown.Find_X_Coordinates_And_Y_Coordinates_Google -->
