<?xml version="1.0" encoding="UTF-8"?>
<!-- Generated by org.testng.reporters.JUnitReportReporter -->
<testsuite hostname="Mukul" failures="0" tests="19" name="Chandan_Maven_ProjectAssignments.Selenium.InvocationCount_With_10_Test_But_One_TestHas_InvocationCount_10" time="0.036" errors="0" timestamp="2025-04-25T20:15:56 IST" skipped="0">
  <testcase classname="Chandan_Maven_ProjectAssignments.Selenium.InvocationCount_With_10_Test_But_One_TestHas_InvocationCount_10" name="testcase1" time="0.001"/>
  <testcase classname="Chandan_Maven_ProjectAssignments.Selenium.InvocationCount_With_10_Test_But_One_TestHas_InvocationCount_10" name="testcase9" time="0.001"/>
  <testcase classname="Chandan_Maven_ProjectAssignments.Selenium.InvocationCount_With_10_Test_But_One_TestHas_InvocationCount_10" name="testcase1" time="0.001"/>
  <testcase classname="Chandan_Maven_ProjectAssignments.Selenium.InvocationCount_With_10_Test_But_One_TestHas_InvocationCount_10" name="testcase1" time="0.011"/>
  <testcase classname="Chandan_Maven_ProjectAssignments.Selenium.InvocationCount_With_10_Test_But_One_TestHas_InvocationCount_10" name="testcase1" time="0.001"/>
  <testcase classname="Chandan_Maven_ProjectAssignments.Selenium.InvocationCount_With_10_Test_But_One_TestHas_InvocationCount_10" name="testcase1" time="0.001"/>
  <testcase classname="Chandan_Maven_ProjectAssignments.Selenium.InvocationCount_With_10_Test_But_One_TestHas_InvocationCount_10" name="testcase1" time="0.003"/>
  <testcase classname="Chandan_Maven_ProjectAssignments.Selenium.InvocationCount_With_10_Test_But_One_TestHas_InvocationCount_10" name="testcase1" time="0.002"/>
  <testcase classname="Chandan_Maven_ProjectAssignments.Selenium.InvocationCount_With_10_Test_But_One_TestHas_InvocationCount_10" name="testcase4" time="0.001"/>
  <testcase classname="Chandan_Maven_ProjectAssignments.Selenium.InvocationCount_With_10_Test_But_One_TestHas_InvocationCount_10" name="testcase5" time="0.001"/>
  <testcase classname="Chandan_Maven_ProjectAssignments.Selenium.InvocationCount_With_10_Test_But_One_TestHas_InvocationCount_10" name="testcase2" time="0.001"/>
  <testcase classname="Chandan_Maven_ProjectAssignments.Selenium.InvocationCount_With_10_Test_But_One_TestHas_InvocationCount_10" name="testcase1" time="0.001"/>
  <testcase classname="Chandan_Maven_ProjectAssignments.Selenium.InvocationCount_With_10_Test_But_One_TestHas_InvocationCount_10" name="testcase3" time="0.002"/>
  <testcase classname="Chandan_Maven_ProjectAssignments.Selenium.InvocationCount_With_10_Test_But_One_TestHas_InvocationCount_10" name="testcase8" time="0.002"/>
  <testcase classname="Chandan_Maven_ProjectAssignments.Selenium.InvocationCount_With_10_Test_But_One_TestHas_InvocationCount_10" name="testcase6" time="0.001"/>
  <testcase classname="Chandan_Maven_ProjectAssignments.Selenium.InvocationCount_With_10_Test_But_One_TestHas_InvocationCount_10" name="testcase1" time="0.002"/>
  <testcase classname="Chandan_Maven_ProjectAssignments.Selenium.InvocationCount_With_10_Test_But_One_TestHas_InvocationCount_10" name="testcase1" time="0.001"/>
  <testcase classname="Chandan_Maven_ProjectAssignments.Selenium.InvocationCount_With_10_Test_But_One_TestHas_InvocationCount_10" name="testcase7" time="0.002"/>
  <testcase classname="Chandan_Maven_ProjectAssignments.Selenium.InvocationCount_With_10_Test_But_One_TestHas_InvocationCount_10" name="testcase10" time="0.001"/>
</testsuite> <!-- Chandan_Maven_ProjectAssignments.Selenium.InvocationCount_With_10_Test_But_One_TestHas_InvocationCount_10 -->
