<?xml version="1.0" encoding="UTF-8"?>
<!-- Generated by org.testng.reporters.JUnitReportReporter -->
<testsuite hostname="Mukul" failures="0" tests="1" name="class_75_Find_Dimensions_Of_Components_Find_XpathUsing_And_Or_Operators.FindDimensions" time="3.979" errors="0" timestamp="2025-05-06T15:50:17 IST" skipped="0">
  <testcase classname="class_75_Find_Dimensions_Of_Components_Find_XpathUsing_And_Or_Operators.FindDimensions" name="FindDimension" time="3.979"/>
</testsuite> <!-- class_75_Find_Dimensions_Of_Components_Find_XpathUsing_And_Or_Operators.FindDimensions -->
