<?xml version="1.0" encoding="UTF-8"?>
<!-- Generated by org.testng.reporters.JUnitReportReporter -->
<testsuite hostname="Mukul" failures="0" tests="1" name="Chandan_Maven_ProjectAssignments.Selenium.Amazon_Find_Valid_and_Invalid_Links" time="171.781" errors="0" timestamp="2025-04-27T20:36:09 IST" skipped="0">
  <testcase classname="Chandan_Maven_ProjectAssignments.Selenium.Amazon_Find_Valid_and_Invalid_Links" name="AmazonValidAndInvalidLinks" time="171.781"/>
</testsuite> <!-- Chandan_Maven_ProjectAssignments.Selenium.Amazon_Find_Valid_and_Invalid_Links -->
