<?xml version="1.0" encoding="UTF-8"?>
<!-- Generated by org.testng.reporters.JUnitReportReporter -->
<testsuite hostname="Mukul" failures="0" tests="1" name="class_54_LaunchBrowserInGeneric_ParametersAnnotationInTestNG.LaunchBrowser" time="8.168" errors="0" timestamp="2025-04-26T21:22:48 IST" skipped="0">
  <testcase classname="class_54_LaunchBrowserInGeneric_ParametersAnnotationInTestNG.LaunchBrowser" name="testcase1" time="8.168"/>
</testsuite> <!-- class_54_LaunchBrowserInGeneric_ParametersAnnotationInTestNG.LaunchBrowser -->
