<?xml version="1.0" encoding="UTF-8"?>
<!-- Generated by org.testng.reporters.JUnitReportReporter -->
<testsuite hostname="Mukul" failures="0" tests="10" name="class_52_Parameters_InTest_DifferentAnnotationsInTestNG.ParameterInTest_InvocationCount" time="0.029" errors="0" timestamp="2025-04-25T20:04:35 IST" skipped="0">
  <testcase classname="class_52_Parameters_InTest_DifferentAnnotationsInTestNG.ParameterInTest_InvocationCount" name="testcase1" time="0.002"/>
  <testcase classname="class_52_Parameters_InTest_DifferentAnnotationsInTestNG.ParameterInTest_InvocationCount" name="testcase1" time="0.002"/>
  <testcase classname="class_52_Parameters_InTest_DifferentAnnotationsInTestNG.ParameterInTest_InvocationCount" name="testcase1" time="0.001"/>
  <testcase classname="class_52_Parameters_InTest_DifferentAnnotationsInTestNG.ParameterInTest_InvocationCount" name="testcase1" time="0.002"/>
  <testcase classname="class_52_Parameters_InTest_DifferentAnnotationsInTestNG.ParameterInTest_InvocationCount" name="testcase1" time="0.001"/>
  <testcase classname="class_52_Parameters_InTest_DifferentAnnotationsInTestNG.ParameterInTest_InvocationCount" name="testcase1" time="0.002"/>
  <testcase classname="class_52_Parameters_InTest_DifferentAnnotationsInTestNG.ParameterInTest_InvocationCount" name="testcase1" time="0.014"/>
  <testcase classname="class_52_Parameters_InTest_DifferentAnnotationsInTestNG.ParameterInTest_InvocationCount" name="testcase1" time="0.001"/>
  <testcase classname="class_52_Parameters_InTest_DifferentAnnotationsInTestNG.ParameterInTest_InvocationCount" name="testcase1" time="0.002"/>
  <testcase classname="class_52_Parameters_InTest_DifferentAnnotationsInTestNG.ParameterInTest_InvocationCount" name="testcase1" time="0.002"/>
</testsuite> <!-- class_52_Parameters_InTest_DifferentAnnotationsInTestNG.ParameterInTest_InvocationCount -->
