<?xml version="1.0" encoding="UTF-8"?>
<!-- Generated by org.testng.reporters.JUnitReportReporter -->
<testsuite hostname="Mukul" failures="0" tests="2" name="class_56_DataProviderAnnotation_InTestNG.TestCaseUsingDataProvider" time="0.013" errors="0" timestamp="2025-04-27T23:50:44 IST" skipped="0">
  <testcase classname="class_56_DataProviderAnnotation_InTestNG.TestCaseUsingDataProvider" name="testcase1" time="0.001"/>
  <testcase classname="class_56_DataProviderAnnotation_InTestNG.TestCaseUsingDataProvider" name="testcase1" time="0.012"/>
</testsuite> <!-- class_56_DataProviderAnnotation_InTestNG.TestCaseUsingDataProvider -->
